[2021-02-19 19:38:46] main.INFO: 0 cron jobs were cleaned [] []
[2021-02-19 19:38:46] main.INFO: 1398 cron jobs were cleaned [] []
[2021-02-19 19:38:50] main.INFO: Cron Job catalog_product_outdated_price_values_cleanup is run [] []
[2021-02-19 19:38:50] main.INFO: Cron Job catalog_product_outdated_price_values_cleanup is successfully finished. Statistics: {"sum":0.00072503089904785,"count":1,"realmem":0,"emalloc":8152,"realmem_start":170393600,"emalloc_start":156991928} [] []
[2021-02-19 19:38:50] main.INFO: Cron Job catalog_product_frontend_actions_flush is run [] []
[2021-02-19 19:38:50] main.INFO: Cron Job catalog_product_frontend_actions_flush is successfully finished. Statistics: {"sum":0.0039160251617432,"count":1,"realmem":0,"emalloc":1448,"realmem_start":170393600,"emalloc_start":157025512} [] []
[2021-02-19 19:38:50] main.INFO: Cron Job sales_grid_order_async_insert is run [] []
[2021-02-19 19:38:50] main.INFO: Cron Job sales_grid_order_async_insert is successfully finished. Statistics: {"sum":0.00019407272338867,"count":1,"realmem":0,"emalloc":1072,"realmem_start":170393600,"emalloc_start":157121008} [] []
[2021-02-19 19:38:50] main.INFO: Cron Job sales_grid_order_invoice_async_insert is run [] []
[2021-02-19 19:38:50] main.INFO: Cron Job sales_grid_order_invoice_async_insert is successfully finished. Statistics: {"sum":0.00026798248291016,"count":1,"realmem":0,"emalloc":1072,"realmem_start":170393600,"emalloc_start":157125088} [] []
[2021-02-19 19:38:50] main.INFO: Cron Job sales_grid_order_shipment_async_insert is run [] []
[2021-02-19 19:38:50] main.INFO: Cron Job sales_grid_order_shipment_async_insert is successfully finished. Statistics: {"sum":0.0001680850982666,"count":1,"realmem":0,"emalloc":1072,"realmem_start":170393600,"emalloc_start":157128320} [] []
[2021-02-19 19:38:50] main.INFO: Cron Job sales_grid_order_creditmemo_async_insert is run [] []
[2021-02-19 19:38:50] main.INFO: Cron Job sales_grid_order_creditmemo_async_insert is successfully finished. Statistics: {"sum":0.00014495849609375,"count":1,"realmem":0,"emalloc":1072,"realmem_start":170393600,"emalloc_start":157131680} [] []
[2021-02-19 19:38:52] main.INFO: Cron Job sales_send_order_emails is run [] []
[2021-02-19 19:38:52] main.INFO: Cron Job sales_send_order_emails is successfully finished. Statistics: {"sum":0.00022602081298828,"count":1,"realmem":0,"emalloc":1024,"realmem_start":170393600,"emalloc_start":159996560} [] []
[2021-02-19 19:38:52] main.INFO: Cron Job sales_send_order_invoice_emails is run [] []
[2021-02-19 19:38:52] main.INFO: Cron Job sales_send_order_invoice_emails is successfully finished. Statistics: {"sum":0.00022196769714355,"count":1,"realmem":0,"emalloc":1072,"realmem_start":170393600,"emalloc_start":160313104} [] []
[2021-02-19 19:38:52] main.INFO: Cron Job sales_send_order_shipment_emails is run [] []
[2021-02-19 19:38:52] main.INFO: Cron Job sales_send_order_shipment_emails is successfully finished. Statistics: {"sum":0.00018191337585449,"count":1,"realmem":0,"emalloc":1072,"realmem_start":170393600,"emalloc_start":160600128} [] []
[2021-02-19 19:38:52] main.INFO: Cron Job sales_send_order_creditmemo_emails is run [] []
[2021-02-19 19:38:52] main.INFO: Cron Job sales_send_order_creditmemo_emails is successfully finished. Statistics: {"sum":0.00017189979553223,"count":1,"realmem":0,"emalloc":1072,"realmem_start":170393600,"emalloc_start":160923512} [] []
[2021-02-19 19:38:52] main.INFO: Cron Job outdated_authentication_failures_cleanup is run [] []
[2021-02-19 19:38:52] main.INFO: Cron Job outdated_authentication_failures_cleanup is successfully finished. Statistics: {"sum":0.001788854598999,"count":1,"realmem":0,"emalloc":1448,"realmem_start":170393600,"emalloc_start":160943016} [] []
[2021-02-19 19:38:52] main.INFO: Cron Job inventory_in_store_pickup_sales_send_order_notified_emails is run [] []
[2021-02-19 19:38:52] main.INFO: Cron Job inventory_in_store_pickup_sales_send_order_notified_emails is successfully finished. Statistics: {"sum":0.00017309188842773,"count":1,"realmem":0,"emalloc":1072,"realmem_start":170393600,"emalloc_start":160998608} [] []
[2021-02-19 19:38:52] main.INFO: Cron Job magento_newrelicreporting_cron is run [] []
[2021-02-19 19:38:52] main.INFO: Cron Job magento_newrelicreporting_cron is successfully finished. Statistics: {"sum":0.00022792816162109,"count":1,"realmem":0,"emalloc":1008,"realmem_start":170393600,"emalloc_start":161882336} [] []
[2021-02-19 19:38:52] main.INFO: Cron Job bulk_cleanup is run [] []
[2021-02-19 19:38:52] main.INFO: Cron Job bulk_cleanup is successfully finished. Statistics: {"sum":0.004011869430542,"count":1,"realmem":0,"emalloc":2360,"realmem_start":170393600,"emalloc_start":161888456} [] []
[2021-02-19 19:38:54] main.INFO: 38 cron jobs were cleaned [] []
[2021-02-19 19:38:55] main.INFO: Cron Job indexer_reindex_all_invalid is run [] []
[2021-02-19 19:38:55] main.INFO: Cron Job indexer_reindex_all_invalid is successfully finished. Statistics: {"sum":0.08727502822876,"count":1,"realmem":0,"emalloc":374456,"realmem_start":170393600,"emalloc_start":156307400} [] []
[2021-02-19 19:38:55] main.INFO: Cron Job indexer_update_all_views is run [] []
[2021-02-19 19:38:55] main.INFO: Cron Job indexer_update_all_views is successfully finished. Statistics: {"sum":0.033805847167969,"count":1,"realmem":0,"emalloc":110912,"realmem_start":170393600,"emalloc_start":156683712} [] []
[2021-02-19 19:38:55] main.INFO: 39 cron jobs were cleaned [] []
[2021-02-19 19:38:57] main.INFO: Cron Job consumers_runner is run [] []
[2021-02-19 19:38:57] main.INFO: 2 cron jobs were cleaned [] []
[2021-02-19 19:38:58] main.INFO: Cron Job consumers_runner is successfully finished. Statistics: {"sum":1.1193211078644,"count":1,"realmem":0,"emalloc":190192,"realmem_start":170393600,"emalloc_start":157950512} [] []
[2021-02-19 19:38:58] main.INFO: 2 cron jobs were cleaned [] []
[2021-02-19 19:38:59] main.INFO: 7 cron jobs were cleaned [] []
[2021-02-19 19:38:59] main.INFO: Cron Job yotpo_yotpo_orders_sync is run [] []
[2021-02-19 19:39:01] main.INFO: Cron Job yotpo_yotpo_orders_sync is successfully finished. Statistics: {"sum":1.5491330623627,"count":1,"realmem":0,"emalloc":1443864,"realmem_start":170393600,"emalloc_start":156658120} [] []
[2021-02-20 04:43:10] main.INFO: 0 cron jobs were cleaned [] []
[2021-02-20 04:43:11] main.INFO: 14 cron jobs were cleaned [] []
[2021-02-20 04:43:19] main.INFO: Cron Job catalog_product_outdated_price_values_cleanup is missed at 2021-02-19 19:39:00 [] []
[2021-02-20 04:43:19] main.INFO: Cron Job catalog_product_outdated_price_values_cleanup is missed at 2021-02-19 19:40:00 [] []
[2021-02-20 04:43:19] main.INFO: Cron Job catalog_product_outdated_price_values_cleanup is missed at 2021-02-19 19:41:00 [] []
[2021-02-20 04:43:19] main.INFO: Cron Job catalog_product_outdated_price_values_cleanup is missed at 2021-02-19 19:42:00 [] []
[2021-02-20 04:43:19] main.INFO: Cron Job catalog_product_outdated_price_values_cleanup is missed at 2021-02-19 19:43:00 [] []
[2021-02-20 04:43:19] main.INFO: Cron Job catalog_product_outdated_price_values_cleanup is missed at 2021-02-19 19:44:00 [] []
[2021-02-20 04:43:19] main.INFO: Cron Job catalog_product_outdated_price_values_cleanup is missed at 2021-02-19 19:45:00 [] []
[2021-02-20 04:43:19] main.INFO: Cron Job catalog_product_outdated_price_values_cleanup is missed at 2021-02-19 19:46:00 [] []
[2021-02-20 04:43:19] main.INFO: Cron Job catalog_product_outdated_price_values_cleanup is missed at 2021-02-19 19:47:00 [] []
[2021-02-20 04:43:19] main.INFO: Cron Job catalog_product_outdated_price_values_cleanup is missed at 2021-02-19 19:48:00 [] []
[2021-02-20 04:43:19] main.INFO: Cron Job catalog_product_outdated_price_values_cleanup is missed at 2021-02-19 19:49:00 [] []
[2021-02-20 04:43:19] main.INFO: Cron Job catalog_product_outdated_price_values_cleanup is missed at 2021-02-19 19:50:00 [] []
[2021-02-20 04:43:19] main.INFO: Cron Job catalog_product_outdated_price_values_cleanup is missed at 2021-02-19 19:51:00 [] []
[2021-02-20 04:43:19] main.INFO: Cron Job catalog_product_outdated_price_values_cleanup is missed at 2021-02-19 19:52:00 [] []
[2021-02-20 04:43:19] main.INFO: Cron Job catalog_product_outdated_price_values_cleanup is missed at 2021-02-19 19:53:00 [] []
[2021-02-20 04:43:19] main.INFO: Cron Job catalog_product_outdated_price_values_cleanup is missed at 2021-02-19 19:54:00 [] []
[2021-02-20 04:43:19] main.INFO: Cron Job catalog_product_outdated_price_values_cleanup is missed at 2021-02-19 19:55:00 [] []
[2021-02-20 04:43:19] main.INFO: Cron Job catalog_product_outdated_price_values_cleanup is missed at 2021-02-19 19:56:00 [] []
[2021-02-20 04:43:19] main.INFO: Cron Job catalog_product_outdated_price_values_cleanup is missed at 2021-02-19 19:57:00 [] []
[2021-02-20 04:43:19] main.INFO: Cron Job catalog_product_frontend_actions_flush is missed at 2021-02-19 19:39:00 [] []
[2021-02-20 04:43:19] main.INFO: Cron Job catalog_product_frontend_actions_flush is missed at 2021-02-19 19:40:00 [] []
[2021-02-20 04:43:19] main.INFO: Cron Job catalog_product_frontend_actions_flush is missed at 2021-02-19 19:41:00 [] []
[2021-02-20 04:43:19] main.INFO: Cron Job catalog_product_frontend_actions_flush is missed at 2021-02-19 19:42:00 [] []
[2021-02-20 04:43:19] main.INFO: Cron Job catalog_product_frontend_actions_flush is missed at 2021-02-19 19:43:00 [] []
[2021-02-20 04:43:19] main.INFO: Cron Job catalog_product_frontend_actions_flush is missed at 2021-02-19 19:44:00 [] []
[2021-02-20 04:43:19] main.INFO: Cron Job catalog_product_frontend_actions_flush is missed at 2021-02-19 19:45:00 [] []
[2021-02-20 04:43:19] main.INFO: Cron Job catalog_product_frontend_actions_flush is missed at 2021-02-19 19:46:00 [] []
[2021-02-20 04:43:19] main.INFO: Cron Job catalog_product_frontend_actions_flush is missed at 2021-02-19 19:47:00 [] []
[2021-02-20 04:43:19] main.INFO: Cron Job catalog_product_frontend_actions_flush is missed at 2021-02-19 19:48:00 [] []
[2021-02-20 04:43:19] main.INFO: Cron Job catalog_product_frontend_actions_flush is missed at 2021-02-19 19:49:00 [] []
[2021-02-20 04:43:19] main.INFO: Cron Job catalog_product_frontend_actions_flush is missed at 2021-02-19 19:50:00 [] []
[2021-02-20 04:43:19] main.INFO: Cron Job catalog_product_frontend_actions_flush is missed at 2021-02-19 19:51:00 [] []
[2021-02-20 04:43:19] main.INFO: Cron Job catalog_product_frontend_actions_flush is missed at 2021-02-19 19:52:00 [] []
[2021-02-20 04:43:19] main.INFO: Cron Job catalog_product_frontend_actions_flush is missed at 2021-02-19 19:53:00 [] []
[2021-02-20 04:43:19] main.INFO: Cron Job catalog_product_frontend_actions_flush is missed at 2021-02-19 19:54:00 [] []
[2021-02-20 04:43:19] main.INFO: Cron Job catalog_product_frontend_actions_flush is missed at 2021-02-19 19:55:00 [] []
[2021-02-20 04:43:19] main.INFO: Cron Job catalog_product_frontend_actions_flush is missed at 2021-02-19 19:56:00 [] []
[2021-02-20 04:43:19] main.INFO: Cron Job catalog_product_frontend_actions_flush is missed at 2021-02-19 19:57:00 [] []
[2021-02-20 04:43:19] main.INFO: Cron Job catalog_product_attribute_value_synchronize is missed at 2021-02-19 19:40:00 [] []
[2021-02-20 04:43:19] main.INFO: Cron Job catalog_product_attribute_value_synchronize is missed at 2021-02-19 19:45:00 [] []
[2021-02-20 04:43:19] main.INFO: Cron Job catalog_product_attribute_value_synchronize is missed at 2021-02-19 19:50:00 [] []
[2021-02-20 04:43:19] main.INFO: Cron Job catalog_product_attribute_value_synchronize is missed at 2021-02-19 19:55:00 [] []
[2021-02-20 04:43:19] main.INFO: Cron Job sales_grid_order_async_insert is missed at 2021-02-19 19:39:00 [] []
[2021-02-20 04:43:19] main.INFO: Cron Job sales_grid_order_async_insert is missed at 2021-02-19 19:40:00 [] []
[2021-02-20 04:43:19] main.INFO: Cron Job sales_grid_order_async_insert is missed at 2021-02-19 19:41:00 [] []
[2021-02-20 04:43:19] main.INFO: Cron Job sales_grid_order_async_insert is missed at 2021-02-19 19:42:00 [] []
[2021-02-20 04:43:19] main.INFO: Cron Job sales_grid_order_async_insert is missed at 2021-02-19 19:43:00 [] []
[2021-02-20 04:43:19] main.INFO: Cron Job sales_grid_order_async_insert is missed at 2021-02-19 19:44:00 [] []
[2021-02-20 04:43:19] main.INFO: Cron Job sales_grid_order_async_insert is missed at 2021-02-19 19:45:00 [] []
[2021-02-20 04:43:19] main.INFO: Cron Job sales_grid_order_async_insert is missed at 2021-02-19 19:46:00 [] []
[2021-02-20 04:43:19] main.INFO: Cron Job sales_grid_order_async_insert is missed at 2021-02-19 19:47:00 [] []
[2021-02-20 04:43:19] main.INFO: Cron Job sales_grid_order_async_insert is missed at 2021-02-19 19:48:00 [] []
[2021-02-20 04:43:19] main.INFO: Cron Job sales_grid_order_async_insert is missed at 2021-02-19 19:49:00 [] []
[2021-02-20 04:43:19] main.INFO: Cron Job sales_grid_order_async_insert is missed at 2021-02-19 19:50:00 [] []
[2021-02-20 04:43:19] main.INFO: Cron Job sales_grid_order_async_insert is missed at 2021-02-19 19:51:00 [] []
[2021-02-20 04:43:19] main.INFO: Cron Job sales_grid_order_async_insert is missed at 2021-02-19 19:52:00 [] []
[2021-02-20 04:43:19] main.INFO: Cron Job sales_grid_order_async_insert is missed at 2021-02-19 19:53:00 [] []
[2021-02-20 04:43:19] main.INFO: Cron Job sales_grid_order_async_insert is missed at 2021-02-19 19:54:00 [] []
[2021-02-20 04:43:19] main.INFO: Cron Job sales_grid_order_async_insert is missed at 2021-02-19 19:55:00 [] []
[2021-02-20 04:43:19] main.INFO: Cron Job sales_grid_order_async_insert is missed at 2021-02-19 19:56:00 [] []
[2021-02-20 04:43:19] main.INFO: Cron Job sales_grid_order_async_insert is missed at 2021-02-19 19:57:00 [] []
[2021-02-20 04:43:19] main.INFO: Cron Job sales_grid_order_invoice_async_insert is missed at 2021-02-19 19:39:00 [] []
[2021-02-20 04:43:19] main.INFO: Cron Job sales_grid_order_invoice_async_insert is missed at 2021-02-19 19:40:00 [] []
[2021-02-20 04:43:19] main.INFO: Cron Job sales_grid_order_invoice_async_insert is missed at 2021-02-19 19:41:00 [] []
[2021-02-20 04:43:19] main.INFO: Cron Job sales_grid_order_invoice_async_insert is missed at 2021-02-19 19:42:00 [] []
[2021-02-20 04:43:19] main.INFO: Cron Job sales_grid_order_invoice_async_insert is missed at 2021-02-19 19:43:00 [] []
[2021-02-20 04:43:19] main.INFO: Cron Job sales_grid_order_invoice_async_insert is missed at 2021-02-19 19:44:00 [] []
[2021-02-20 04:43:19] main.INFO: Cron Job sales_grid_order_invoice_async_insert is missed at 2021-02-19 19:45:00 [] []
[2021-02-20 04:43:19] main.INFO: Cron Job sales_grid_order_invoice_async_insert is missed at 2021-02-19 19:46:00 [] []
[2021-02-20 04:43:19] main.INFO: Cron Job sales_grid_order_invoice_async_insert is missed at 2021-02-19 19:47:00 [] []
[2021-02-20 04:43:19] main.INFO: Cron Job sales_grid_order_invoice_async_insert is missed at 2021-02-19 19:48:00 [] []
[2021-02-20 04:43:19] main.INFO: Cron Job sales_grid_order_invoice_async_insert is missed at 2021-02-19 19:49:00 [] []
[2021-02-20 04:43:19] main.INFO: Cron Job sales_grid_order_invoice_async_insert is missed at 2021-02-19 19:50:00 [] []
[2021-02-20 04:43:19] main.INFO: Cron Job sales_grid_order_invoice_async_insert is missed at 2021-02-19 19:51:00 [] []
[2021-02-20 04:43:19] main.INFO: Cron Job sales_grid_order_invoice_async_insert is missed at 2021-02-19 19:52:00 [] []
[2021-02-20 04:43:19] main.INFO: Cron Job sales_grid_order_invoice_async_insert is missed at 2021-02-19 19:53:00 [] []
[2021-02-20 04:43:19] main.INFO: Cron Job sales_grid_order_invoice_async_insert is missed at 2021-02-19 19:54:00 [] []
[2021-02-20 04:43:19] main.INFO: Cron Job sales_grid_order_invoice_async_insert is missed at 2021-02-19 19:55:00 [] []
[2021-02-20 04:43:19] main.INFO: Cron Job sales_grid_order_invoice_async_insert is missed at 2021-02-19 19:56:00 [] []
[2021-02-20 04:43:19] main.INFO: Cron Job sales_grid_order_invoice_async_insert is missed at 2021-02-19 19:57:00 [] []
[2021-02-20 04:43:19] main.INFO: Cron Job sales_grid_order_shipment_async_insert is missed at 2021-02-19 19:39:00 [] []
[2021-02-20 04:43:19] main.INFO: Cron Job sales_grid_order_shipment_async_insert is missed at 2021-02-19 19:40:00 [] []
[2021-02-20 04:43:19] main.INFO: Cron Job sales_grid_order_shipment_async_insert is missed at 2021-02-19 19:41:00 [] []
[2021-02-20 04:43:19] main.INFO: Cron Job sales_grid_order_shipment_async_insert is missed at 2021-02-19 19:42:00 [] []
[2021-02-20 04:43:19] main.INFO: Cron Job sales_grid_order_shipment_async_insert is missed at 2021-02-19 19:43:00 [] []
[2021-02-20 04:43:19] main.INFO: Cron Job sales_grid_order_shipment_async_insert is missed at 2021-02-19 19:44:00 [] []
[2021-02-20 04:43:19] main.INFO: Cron Job sales_grid_order_shipment_async_insert is missed at 2021-02-19 19:45:00 [] []
[2021-02-20 04:43:19] main.INFO: Cron Job sales_grid_order_shipment_async_insert is missed at 2021-02-19 19:46:00 [] []
[2021-02-20 04:43:19] main.INFO: Cron Job sales_grid_order_shipment_async_insert is missed at 2021-02-19 19:47:00 [] []
[2021-02-20 04:43:19] main.INFO: Cron Job sales_grid_order_shipment_async_insert is missed at 2021-02-19 19:48:00 [] []
[2021-02-20 04:43:19] main.INFO: Cron Job sales_grid_order_shipment_async_insert is missed at 2021-02-19 19:49:00 [] []
[2021-02-20 04:43:19] main.INFO: Cron Job sales_grid_order_shipment_async_insert is missed at 2021-02-19 19:50:00 [] []
[2021-02-20 04:43:20] main.INFO: Cron Job sales_grid_order_shipment_async_insert is missed at 2021-02-19 19:51:00 [] []
[2021-02-20 04:43:20] main.INFO: Cron Job sales_grid_order_shipment_async_insert is missed at 2021-02-19 19:52:00 [] []
[2021-02-20 04:43:20] main.INFO: Cron Job sales_grid_order_shipment_async_insert is missed at 2021-02-19 19:53:00 [] []
[2021-02-20 04:43:20] main.INFO: Cron Job sales_grid_order_shipment_async_insert is missed at 2021-02-19 19:54:00 [] []
[2021-02-20 04:43:20] main.INFO: Cron Job sales_grid_order_shipment_async_insert is missed at 2021-02-19 19:55:00 [] []
[2021-02-20 04:43:20] main.INFO: Cron Job sales_grid_order_shipment_async_insert is missed at 2021-02-19 19:56:00 [] []
[2021-02-20 04:43:20] main.INFO: Cron Job sales_grid_order_shipment_async_insert is missed at 2021-02-19 19:57:00 [] []
[2021-02-20 04:43:20] main.INFO: Cron Job sales_grid_order_creditmemo_async_insert is missed at 2021-02-19 19:39:00 [] []
[2021-02-20 04:43:20] main.INFO: Cron Job sales_grid_order_creditmemo_async_insert is missed at 2021-02-19 19:40:00 [] []
[2021-02-20 04:43:20] main.INFO: Cron Job sales_grid_order_creditmemo_async_insert is missed at 2021-02-19 19:41:00 [] []
[2021-02-20 04:43:20] main.INFO: Cron Job sales_grid_order_creditmemo_async_insert is missed at 2021-02-19 19:42:00 [] []
[2021-02-20 04:43:20] main.INFO: Cron Job sales_grid_order_creditmemo_async_insert is missed at 2021-02-19 19:43:00 [] []
[2021-02-20 04:43:20] main.INFO: Cron Job sales_grid_order_creditmemo_async_insert is missed at 2021-02-19 19:44:00 [] []
[2021-02-20 04:43:20] main.INFO: Cron Job sales_grid_order_creditmemo_async_insert is missed at 2021-02-19 19:45:00 [] []
[2021-02-20 04:43:20] main.INFO: Cron Job sales_grid_order_creditmemo_async_insert is missed at 2021-02-19 19:46:00 [] []
[2021-02-20 04:43:20] main.INFO: Cron Job sales_grid_order_creditmemo_async_insert is missed at 2021-02-19 19:47:00 [] []
[2021-02-20 04:43:20] main.INFO: Cron Job sales_grid_order_creditmemo_async_insert is missed at 2021-02-19 19:48:00 [] []
[2021-02-20 04:43:20] main.INFO: Cron Job sales_grid_order_creditmemo_async_insert is missed at 2021-02-19 19:49:00 [] []
[2021-02-20 04:43:20] main.INFO: Cron Job sales_grid_order_creditmemo_async_insert is missed at 2021-02-19 19:50:00 [] []
[2021-02-20 04:43:20] main.INFO: Cron Job sales_grid_order_creditmemo_async_insert is missed at 2021-02-19 19:51:00 [] []
[2021-02-20 04:43:20] main.INFO: Cron Job sales_grid_order_creditmemo_async_insert is missed at 2021-02-19 19:52:00 [] []
[2021-02-20 04:43:20] main.INFO: Cron Job sales_grid_order_creditmemo_async_insert is missed at 2021-02-19 19:53:00 [] []
[2021-02-20 04:43:20] main.INFO: Cron Job sales_grid_order_creditmemo_async_insert is missed at 2021-02-19 19:54:00 [] []
[2021-02-20 04:43:20] main.INFO: Cron Job sales_grid_order_creditmemo_async_insert is missed at 2021-02-19 19:55:00 [] []
[2021-02-20 04:43:20] main.INFO: Cron Job sales_grid_order_creditmemo_async_insert is missed at 2021-02-19 19:56:00 [] []
[2021-02-20 04:43:20] main.INFO: Cron Job sales_grid_order_creditmemo_async_insert is missed at 2021-02-19 19:57:00 [] []
[2021-02-20 04:43:20] main.INFO: Cron Job sales_send_order_emails is missed at 2021-02-19 19:39:00 [] []
[2021-02-20 04:43:20] main.INFO: Cron Job sales_send_order_emails is missed at 2021-02-19 19:40:00 [] []
[2021-02-20 04:43:20] main.INFO: Cron Job sales_send_order_emails is missed at 2021-02-19 19:41:00 [] []
[2021-02-20 04:43:20] main.INFO: Cron Job sales_send_order_emails is missed at 2021-02-19 19:42:00 [] []
[2021-02-20 04:43:20] main.INFO: Cron Job sales_send_order_emails is missed at 2021-02-19 19:43:00 [] []
[2021-02-20 04:43:20] main.INFO: Cron Job sales_send_order_emails is missed at 2021-02-19 19:44:00 [] []
[2021-02-20 04:43:20] main.INFO: Cron Job sales_send_order_emails is missed at 2021-02-19 19:45:00 [] []
[2021-02-20 04:43:20] main.INFO: Cron Job sales_send_order_emails is missed at 2021-02-19 19:46:00 [] []
[2021-02-20 04:43:20] main.INFO: Cron Job sales_send_order_emails is missed at 2021-02-19 19:47:00 [] []
[2021-02-20 04:43:20] main.INFO: Cron Job sales_send_order_emails is missed at 2021-02-19 19:48:00 [] []
[2021-02-20 04:43:20] main.INFO: Cron Job sales_send_order_emails is missed at 2021-02-19 19:49:00 [] []
[2021-02-20 04:43:20] main.INFO: Cron Job sales_send_order_emails is missed at 2021-02-19 19:50:00 [] []
[2021-02-20 04:43:20] main.INFO: Cron Job sales_send_order_emails is missed at 2021-02-19 19:51:00 [] []
[2021-02-20 04:43:20] main.INFO: Cron Job sales_send_order_emails is missed at 2021-02-19 19:52:00 [] []
[2021-02-20 04:43:20] main.INFO: Cron Job sales_send_order_emails is missed at 2021-02-19 19:53:00 [] []
[2021-02-20 04:43:20] main.INFO: Cron Job sales_send_order_emails is missed at 2021-02-19 19:54:00 [] []
[2021-02-20 04:43:20] main.INFO: Cron Job sales_send_order_emails is missed at 2021-02-19 19:55:00 [] []
[2021-02-20 04:43:20] main.INFO: Cron Job sales_send_order_emails is missed at 2021-02-19 19:56:00 [] []
[2021-02-20 04:43:20] main.INFO: Cron Job sales_send_order_emails is missed at 2021-02-19 19:57:00 [] []
[2021-02-20 04:43:20] main.INFO: Cron Job sales_send_order_invoice_emails is missed at 2021-02-19 19:39:00 [] []
[2021-02-20 04:43:20] main.INFO: Cron Job sales_send_order_invoice_emails is missed at 2021-02-19 19:40:00 [] []
[2021-02-20 04:43:20] main.INFO: Cron Job sales_send_order_invoice_emails is missed at 2021-02-19 19:41:00 [] []
[2021-02-20 04:43:20] main.INFO: Cron Job sales_send_order_invoice_emails is missed at 2021-02-19 19:42:00 [] []
[2021-02-20 04:43:20] main.INFO: Cron Job sales_send_order_invoice_emails is missed at 2021-02-19 19:43:00 [] []
[2021-02-20 04:43:20] main.INFO: Cron Job sales_send_order_invoice_emails is missed at 2021-02-19 19:44:00 [] []
[2021-02-20 04:43:20] main.INFO: Cron Job sales_send_order_invoice_emails is missed at 2021-02-19 19:45:00 [] []
[2021-02-20 04:43:20] main.INFO: Cron Job sales_send_order_invoice_emails is missed at 2021-02-19 19:46:00 [] []
[2021-02-20 04:43:21] main.INFO: Cron Job sales_send_order_invoice_emails is missed at 2021-02-19 19:47:00 [] []
[2021-02-20 04:43:21] main.INFO: Cron Job sales_send_order_invoice_emails is missed at 2021-02-19 19:48:00 [] []
[2021-02-20 04:43:21] main.INFO: Cron Job sales_send_order_invoice_emails is missed at 2021-02-19 19:49:00 [] []
[2021-02-20 04:43:21] main.INFO: Cron Job sales_send_order_invoice_emails is missed at 2021-02-19 19:50:00 [] []
[2021-02-20 04:43:21] main.INFO: Cron Job sales_send_order_invoice_emails is missed at 2021-02-19 19:51:00 [] []
[2021-02-20 04:43:21] main.INFO: Cron Job sales_send_order_invoice_emails is missed at 2021-02-19 19:52:00 [] []
[2021-02-20 04:43:21] main.INFO: Cron Job sales_send_order_invoice_emails is missed at 2021-02-19 19:53:00 [] []
[2021-02-20 04:43:21] main.INFO: Cron Job sales_send_order_invoice_emails is missed at 2021-02-19 19:54:00 [] []
[2021-02-20 04:43:21] main.INFO: Cron Job sales_send_order_invoice_emails is missed at 2021-02-19 19:55:00 [] []
[2021-02-20 04:43:21] main.INFO: Cron Job sales_send_order_invoice_emails is missed at 2021-02-19 19:56:00 [] []
[2021-02-20 04:43:21] main.INFO: Cron Job sales_send_order_invoice_emails is missed at 2021-02-19 19:57:00 [] []
[2021-02-20 04:43:21] main.INFO: 2 cron jobs were cleaned [] []
[2021-02-20 04:43:21] main.INFO: Cron Job sales_send_order_shipment_emails is missed at 2021-02-19 19:39:00 [] []
[2021-02-20 04:43:21] main.INFO: Cron Job sales_send_order_shipment_emails is missed at 2021-02-19 19:40:00 [] []
[2021-02-20 04:43:21] main.INFO: Cron Job sales_send_order_shipment_emails is missed at 2021-02-19 19:41:00 [] []
[2021-02-20 04:43:21] main.INFO: Cron Job sales_send_order_shipment_emails is missed at 2021-02-19 19:42:00 [] []
[2021-02-20 04:43:21] main.INFO: Cron Job sales_send_order_shipment_emails is missed at 2021-02-19 19:43:00 [] []
[2021-02-20 04:43:21] main.INFO: Cron Job sales_send_order_shipment_emails is missed at 2021-02-19 19:44:00 [] []
[2021-02-20 04:43:21] main.INFO: Cron Job sales_send_order_shipment_emails is missed at 2021-02-19 19:45:00 [] []
[2021-02-20 04:43:21] main.INFO: Cron Job sales_send_order_shipment_emails is missed at 2021-02-19 19:46:00 [] []
[2021-02-20 04:43:21] main.INFO: Cron Job sales_send_order_shipment_emails is missed at 2021-02-19 19:47:00 [] []
[2021-02-20 04:43:21] main.INFO: Cron Job sales_send_order_shipment_emails is missed at 2021-02-19 19:48:00 [] []
[2021-02-20 04:43:21] main.INFO: Cron Job indexer_reindex_all_invalid is missed at 2021-02-19 19:39:00 [] []
[2021-02-20 04:43:21] main.INFO: Cron Job sales_send_order_shipment_emails is missed at 2021-02-19 19:49:00 [] []
[2021-02-20 04:43:21] main.INFO: Cron Job indexer_reindex_all_invalid is missed at 2021-02-19 19:40:00 [] []
[2021-02-20 04:43:21] main.INFO: Cron Job sales_send_order_shipment_emails is missed at 2021-02-19 19:50:00 [] []
[2021-02-20 04:43:21] main.INFO: Cron Job indexer_reindex_all_invalid is missed at 2021-02-19 19:41:00 [] []
[2021-02-20 04:43:21] main.INFO: Cron Job sales_send_order_shipment_emails is missed at 2021-02-19 19:51:00 [] []
[2021-02-20 04:43:21] main.INFO: Cron Job sales_send_order_shipment_emails is missed at 2021-02-19 19:52:00 [] []
[2021-02-20 04:43:21] main.INFO: Cron Job sales_send_order_shipment_emails is missed at 2021-02-19 19:53:00 [] []
[2021-02-20 04:43:21] main.INFO: Cron Job indexer_reindex_all_invalid is run [] []
[2021-02-20 04:43:21] main.INFO: Cron Job sales_send_order_shipment_emails is missed at 2021-02-19 19:54:00 [] []
[2021-02-20 04:43:21] main.INFO: Cron Job sales_send_order_shipment_emails is missed at 2021-02-19 19:55:00 [] []
[2021-02-20 04:43:21] main.INFO: Cron Job sales_send_order_shipment_emails is missed at 2021-02-19 19:56:00 [] []
[2021-02-20 04:43:21] main.INFO: Cron Job sales_send_order_shipment_emails is missed at 2021-02-19 19:57:00 [] []
[2021-02-20 04:43:21] main.INFO: Cron Job sales_send_order_creditmemo_emails is missed at 2021-02-19 19:39:00 [] []
[2021-02-20 04:43:21] main.INFO: Cron Job sales_send_order_creditmemo_emails is missed at 2021-02-19 19:40:00 [] []
[2021-02-20 04:43:21] main.INFO: Cron Job sales_send_order_creditmemo_emails is missed at 2021-02-19 19:41:00 [] []
[2021-02-20 04:43:21] main.INFO: Cron Job sales_send_order_creditmemo_emails is missed at 2021-02-19 19:42:00 [] []
[2021-02-20 04:43:21] main.INFO: Cron Job indexer_reindex_all_invalid is successfully finished. Statistics: {"sum":0.072248935699463,"count":1,"realmem":0,"emalloc":374520,"realmem_start":170393600,"emalloc_start":156316936} [] []
[2021-02-20 04:43:21] main.INFO: Cron Job sales_send_order_creditmemo_emails is missed at 2021-02-19 19:43:00 [] []
[2021-02-20 04:43:21] main.INFO: Cron Job sales_send_order_creditmemo_emails is missed at 2021-02-19 19:44:00 [] []
[2021-02-20 04:43:21] main.INFO: Cron Job indexer_update_all_views is missed at 2021-02-19 19:39:00 [] []
[2021-02-20 04:43:21] main.INFO: Cron Job sales_send_order_creditmemo_emails is missed at 2021-02-19 19:45:00 [] []
[2021-02-20 04:43:21] main.INFO: Cron Job indexer_update_all_views is missed at 2021-02-19 19:40:00 [] []
[2021-02-20 04:43:21] main.INFO: Cron Job indexer_update_all_views is missed at 2021-02-19 19:41:00 [] []
[2021-02-20 04:43:21] main.INFO: Cron Job sales_send_order_creditmemo_emails is missed at 2021-02-19 19:46:00 [] []
[2021-02-20 04:43:21] main.INFO: Cron Job sales_send_order_creditmemo_emails is missed at 2021-02-19 19:47:00 [] []
[2021-02-20 04:43:21] main.INFO: Cron Job indexer_update_all_views is run [] []
[2021-02-20 04:43:21] main.INFO: Cron Job sales_send_order_creditmemo_emails is missed at 2021-02-19 19:48:00 [] []
[2021-02-20 04:43:21] main.INFO: Cron Job sales_send_order_creditmemo_emails is missed at 2021-02-19 19:49:00 [] []
[2021-02-20 04:43:21] main.INFO: Cron Job sales_send_order_creditmemo_emails is missed at 2021-02-19 19:50:00 [] []
[2021-02-20 04:43:21] main.INFO: Cron Job sales_send_order_creditmemo_emails is missed at 2021-02-19 19:51:00 [] []
[2021-02-20 04:43:21] main.INFO: Cron Job sales_send_order_creditmemo_emails is missed at 2021-02-19 19:52:00 [] []
[2021-02-20 04:43:21] main.INFO: Cron Job sales_send_order_creditmemo_emails is missed at 2021-02-19 19:53:00 [] []
[2021-02-20 04:43:21] main.INFO: Cron Job sales_send_order_creditmemo_emails is missed at 2021-02-19 19:54:00 [] []
[2021-02-20 04:43:21] main.INFO: Cron Job sales_send_order_creditmemo_emails is missed at 2021-02-19 19:55:00 [] []
[2021-02-20 04:43:21] main.INFO: Cron Job sales_send_order_creditmemo_emails is missed at 2021-02-19 19:56:00 [] []
[2021-02-20 04:43:21] main.INFO: Cron Job sales_send_order_creditmemo_emails is missed at 2021-02-19 19:57:00 [] []
[2021-02-20 04:43:21] main.INFO: Cron Job outdated_authentication_failures_cleanup is missed at 2021-02-19 19:39:00 [] []
[2021-02-20 04:43:21] main.INFO: Cron Job outdated_authentication_failures_cleanup is missed at 2021-02-19 19:40:00 [] []
[2021-02-20 04:43:21] main.INFO: Cron Job outdated_authentication_failures_cleanup is missed at 2021-02-19 19:41:00 [] []
[2021-02-20 04:43:21] main.INFO: Cron Job outdated_authentication_failures_cleanup is missed at 2021-02-19 19:42:00 [] []
[2021-02-20 04:43:21] main.INFO: Cron Job outdated_authentication_failures_cleanup is missed at 2021-02-19 19:43:00 [] []
[2021-02-20 04:43:21] main.INFO: Cron Job outdated_authentication_failures_cleanup is missed at 2021-02-19 19:44:00 [] []
[2021-02-20 04:43:21] main.INFO: Cron Job outdated_authentication_failures_cleanup is missed at 2021-02-19 19:45:00 [] []
[2021-02-20 04:43:21] main.INFO: Cron Job outdated_authentication_failures_cleanup is missed at 2021-02-19 19:46:00 [] []
[2021-02-20 04:43:21] main.INFO: Cron Job outdated_authentication_failures_cleanup is missed at 2021-02-19 19:47:00 [] []
[2021-02-20 04:43:21] main.INFO: Cron Job indexer_update_all_views is successfully finished. Statistics: {"sum":0.17365407943726,"count":1,"realmem":0,"emalloc":242128,"realmem_start":170393600,"emalloc_start":156695720} [] []
[2021-02-20 04:43:21] main.INFO: Cron Job outdated_authentication_failures_cleanup is missed at 2021-02-19 19:48:00 [] []
[2021-02-20 04:43:21] main.INFO: Cron Job outdated_authentication_failures_cleanup is missed at 2021-02-19 19:49:00 [] []
[2021-02-20 04:43:21] main.INFO: 1 cron jobs were cleaned [] []
[2021-02-20 04:43:21] main.INFO: Cron Job outdated_authentication_failures_cleanup is missed at 2021-02-19 19:50:00 [] []
[2021-02-20 04:43:21] main.INFO: Cron Job outdated_authentication_failures_cleanup is missed at 2021-02-19 19:51:00 [] []
[2021-02-20 04:43:21] main.INFO: Cron Job outdated_authentication_failures_cleanup is missed at 2021-02-19 19:52:00 [] []
[2021-02-20 04:43:21] main.INFO: Cron Job outdated_authentication_failures_cleanup is missed at 2021-02-19 19:53:00 [] []
[2021-02-20 04:43:21] main.INFO: Cron Job outdated_authentication_failures_cleanup is missed at 2021-02-19 19:54:00 [] []
[2021-02-20 04:43:21] main.INFO: Cron Job outdated_authentication_failures_cleanup is missed at 2021-02-19 19:55:00 [] []
[2021-02-20 04:43:21] main.INFO: Cron Job outdated_authentication_failures_cleanup is missed at 2021-02-19 19:56:00 [] []
[2021-02-20 04:43:21] main.INFO: Cron Job outdated_authentication_failures_cleanup is missed at 2021-02-19 19:57:00 [] []
[2021-02-20 04:43:21] main.INFO: Cron Job captcha_delete_expired_images is missed at 2021-02-19 19:40:00 [] []
[2021-02-20 04:43:21] main.INFO: Cron Job captcha_delete_expired_images is missed at 2021-02-19 19:50:00 [] []
[2021-02-20 04:43:21] main.INFO: Cron Job inventory_in_store_pickup_sales_send_order_notified_emails is missed at 2021-02-19 19:39:00 [] []
[2021-02-20 04:43:21] main.INFO: Cron Job inventory_in_store_pickup_sales_send_order_notified_emails is missed at 2021-02-19 19:40:00 [] []
[2021-02-20 04:43:21] main.INFO: Cron Job inventory_in_store_pickup_sales_send_order_notified_emails is missed at 2021-02-19 19:41:00 [] []
[2021-02-20 04:43:21] main.INFO: Cron Job inventory_in_store_pickup_sales_send_order_notified_emails is missed at 2021-02-19 19:42:00 [] []
[2021-02-20 04:43:21] main.INFO: Cron Job inventory_in_store_pickup_sales_send_order_notified_emails is missed at 2021-02-19 19:43:00 [] []
[2021-02-20 04:43:21] main.INFO: Cron Job inventory_in_store_pickup_sales_send_order_notified_emails is missed at 2021-02-19 19:44:00 [] []
[2021-02-20 04:43:21] main.INFO: Cron Job consumers_runner is missed at 2021-02-19 19:39:00 [] []
[2021-02-20 04:43:21] main.INFO: Cron Job inventory_in_store_pickup_sales_send_order_notified_emails is missed at 2021-02-19 19:45:00 [] []
[2021-02-20 04:43:21] main.INFO: Cron Job consumers_runner is missed at 2021-02-19 19:40:00 [] []
[2021-02-20 04:43:21] main.INFO: Cron Job inventory_in_store_pickup_sales_send_order_notified_emails is missed at 2021-02-19 19:46:00 [] []
[2021-02-20 04:43:21] main.INFO: Cron Job consumers_runner is missed at 2021-02-19 19:41:00 [] []
[2021-02-20 04:43:21] main.INFO: Cron Job inventory_in_store_pickup_sales_send_order_notified_emails is missed at 2021-02-19 19:47:00 [] []
[2021-02-20 04:43:21] main.INFO: Cron Job consumers_runner is missed at 2021-02-19 19:42:00 [] []
[2021-02-20 04:43:21] main.INFO: Cron Job inventory_in_store_pickup_sales_send_order_notified_emails is missed at 2021-02-19 19:48:00 [] []
[2021-02-20 04:43:21] main.INFO: Cron Job consumers_runner is missed at 2021-02-19 19:43:00 [] []
[2021-02-20 04:43:21] main.INFO: Cron Job inventory_in_store_pickup_sales_send_order_notified_emails is missed at 2021-02-19 19:49:00 [] []
[2021-02-20 04:43:21] main.INFO: Cron Job consumers_runner is missed at 2021-02-19 19:44:00 [] []
[2021-02-20 04:43:21] main.INFO: Cron Job inventory_in_store_pickup_sales_send_order_notified_emails is missed at 2021-02-19 19:50:00 [] []
[2021-02-20 04:43:21] main.INFO: Cron Job consumers_runner is missed at 2021-02-19 19:45:00 [] []
[2021-02-20 04:43:21] main.INFO: Cron Job inventory_in_store_pickup_sales_send_order_notified_emails is missed at 2021-02-19 19:51:00 [] []
[2021-02-20 04:43:21] main.INFO: Cron Job consumers_runner is missed at 2021-02-19 19:46:00 [] []
[2021-02-20 04:43:21] main.INFO: Cron Job inventory_in_store_pickup_sales_send_order_notified_emails is missed at 2021-02-19 19:52:00 [] []
[2021-02-20 04:43:21] main.INFO: Cron Job consumers_runner is missed at 2021-02-19 19:47:00 [] []
[2021-02-20 04:43:21] main.INFO: Cron Job inventory_in_store_pickup_sales_send_order_notified_emails is missed at 2021-02-19 19:53:00 [] []
[2021-02-20 04:43:21] main.INFO: Cron Job consumers_runner is missed at 2021-02-19 19:48:00 [] []
[2021-02-20 04:43:21] main.INFO: Cron Job inventory_in_store_pickup_sales_send_order_notified_emails is missed at 2021-02-19 19:54:00 [] []
[2021-02-20 04:43:21] main.INFO: Cron Job consumers_runner is missed at 2021-02-19 19:49:00 [] []
[2021-02-20 04:43:21] main.INFO: Cron Job inventory_in_store_pickup_sales_send_order_notified_emails is missed at 2021-02-19 19:55:00 [] []
[2021-02-20 04:43:21] main.INFO: Cron Job consumers_runner is missed at 2021-02-19 19:50:00 [] []
[2021-02-20 04:43:21] main.INFO: Cron Job inventory_in_store_pickup_sales_send_order_notified_emails is missed at 2021-02-19 19:56:00 [] []
[2021-02-20 04:43:21] main.INFO: Cron Job inventory_in_store_pickup_sales_send_order_notified_emails is missed at 2021-02-19 19:57:00 [] []
[2021-02-20 04:43:21] main.INFO: Cron Job consumers_runner is missed at 2021-02-19 19:51:00 [] []
[2021-02-20 04:43:21] main.INFO: Cron Job consumers_runner is missed at 2021-02-19 19:52:00 [] []
[2021-02-20 04:43:21] main.INFO: Cron Job magento_newrelicreporting_cron is missed at 2021-02-19 19:40:00 [] []
[2021-02-20 04:43:21] main.INFO: Cron Job magento_newrelicreporting_cron is missed at 2021-02-19 19:42:00 [] []
[2021-02-20 04:43:21] main.INFO: Cron Job consumers_runner is missed at 2021-02-19 19:53:00 [] []
[2021-02-20 04:43:21] main.INFO: Cron Job magento_newrelicreporting_cron is missed at 2021-02-19 19:44:00 [] []
[2021-02-20 04:43:21] main.INFO: Cron Job consumers_runner is missed at 2021-02-19 19:54:00 [] []
[2021-02-20 04:43:21] main.INFO: Cron Job magento_newrelicreporting_cron is missed at 2021-02-19 19:46:00 [] []
[2021-02-20 04:43:21] main.INFO: Cron Job consumers_runner is missed at 2021-02-19 19:55:00 [] []
[2021-02-20 04:43:21] main.INFO: Cron Job magento_newrelicreporting_cron is missed at 2021-02-19 19:48:00 [] []
[2021-02-20 04:43:21] main.INFO: Cron Job consumers_runner is missed at 2021-02-19 19:56:00 [] []
[2021-02-20 04:43:21] main.INFO: Cron Job consumers_runner is missed at 2021-02-19 19:57:00 [] []
[2021-02-20 04:43:21] main.INFO: Cron Job magento_newrelicreporting_cron is missed at 2021-02-19 19:50:00 [] []
[2021-02-20 04:43:21] main.INFO: Cron Job magento_newrelicreporting_cron is missed at 2021-02-19 19:52:00 [] []
[2021-02-20 04:43:21] main.INFO: Cron Job magento_newrelicreporting_cron is missed at 2021-02-19 19:54:00 [] []
[2021-02-20 04:43:22] main.INFO: Cron Job magento_newrelicreporting_cron is missed at 2021-02-19 19:56:00 [] []
[2021-02-20 04:43:22] main.INFO: Cron Job newsletter_send_all is missed at 2021-02-19 19:40:00 [] []
[2021-02-20 04:43:22] main.INFO: Cron Job newsletter_send_all is missed at 2021-02-19 19:45:00 [] []
[2021-02-20 04:43:22] main.INFO: Cron Job newsletter_send_all is missed at 2021-02-19 19:50:00 [] []
[2021-02-20 04:43:22] main.INFO: Cron Job newsletter_send_all is missed at 2021-02-19 19:55:00 [] []
[2021-02-20 04:43:22] main.INFO: Cron Job bulk_cleanup is missed at 2021-02-19 19:39:00 [] []
[2021-02-20 04:43:22] main.INFO: Cron Job bulk_cleanup is missed at 2021-02-19 19:40:00 [] []
[2021-02-20 04:43:22] main.INFO: Cron Job bulk_cleanup is missed at 2021-02-19 19:41:00 [] []
[2021-02-20 04:43:22] main.INFO: Cron Job bulk_cleanup is missed at 2021-02-19 19:42:00 [] []
[2021-02-20 04:43:22] main.INFO: Cron Job bulk_cleanup is missed at 2021-02-19 19:43:00 [] []
[2021-02-20 04:43:22] main.INFO: Cron Job bulk_cleanup is missed at 2021-02-19 19:44:00 [] []
[2021-02-20 04:43:22] main.INFO: Cron Job bulk_cleanup is missed at 2021-02-19 19:45:00 [] []
[2021-02-20 04:43:22] main.INFO: Cron Job bulk_cleanup is missed at 2021-02-19 19:46:00 [] []
[2021-02-20 04:43:22] main.INFO: Cron Job bulk_cleanup is missed at 2021-02-19 19:47:00 [] []
[2021-02-20 04:43:22] main.INFO: Cron Job ddg_automation_campaign is missed at 2021-02-19 19:40:00 [] []
[2021-02-20 04:43:22] main.INFO: Cron Job bulk_cleanup is missed at 2021-02-19 19:48:00 [] []
[2021-02-20 04:43:22] main.INFO: Cron Job bulk_cleanup is missed at 2021-02-19 19:49:00 [] []
[2021-02-20 04:43:22] main.INFO: Cron Job ddg_automation_importer is missed at 2021-02-19 19:40:00 [] []
[2021-02-20 04:43:22] main.INFO: Cron Job bulk_cleanup is missed at 2021-02-19 19:50:00 [] []
[2021-02-20 04:43:22] main.INFO: Cron Job bulk_cleanup is missed at 2021-02-19 19:51:00 [] []
[2021-02-20 04:43:22] main.INFO: Cron Job bulk_cleanup is missed at 2021-02-19 19:52:00 [] []
[2021-02-20 04:43:22] main.INFO: Cron Job bulk_cleanup is missed at 2021-02-19 19:53:00 [] []
[2021-02-20 04:43:22] main.INFO: Cron Job consumers_runner is run [] []
[2021-02-20 04:43:22] main.INFO: Cron Job bulk_cleanup is missed at 2021-02-19 19:54:00 [] []
[2021-02-20 04:43:22] main.INFO: Cron Job bulk_cleanup is missed at 2021-02-19 19:55:00 [] []
[2021-02-20 04:43:22] main.INFO: Cron Job bulk_cleanup is missed at 2021-02-19 19:56:00 [] []
[2021-02-20 04:43:22] main.INFO: Cron Job bulk_cleanup is missed at 2021-02-19 19:57:00 [] []
[2021-02-20 04:43:22] main.INFO: Cron Job get_amazon_capture_updates is missed at 2021-02-19 19:40:00 [] []
[2021-02-20 04:43:22] main.INFO: Cron Job get_amazon_capture_updates is missed at 2021-02-19 19:45:00 [] []
[2021-02-20 04:43:22] main.INFO: Cron Job get_amazon_capture_updates is missed at 2021-02-19 19:50:00 [] []
[2021-02-20 04:43:22] main.INFO: Cron Job get_amazon_capture_updates is missed at 2021-02-19 19:55:00 [] []
[2021-02-20 04:43:22] main.INFO: Cron Job get_amazon_authorization_updates is missed at 2021-02-19 19:40:00 [] []
[2021-02-20 04:43:22] main.INFO: Cron Job get_amazon_authorization_updates is missed at 2021-02-19 19:45:00 [] []
[2021-02-20 04:43:22] main.INFO: Cron Job get_amazon_authorization_updates is missed at 2021-02-19 19:50:00 [] []
[2021-02-20 04:43:22] main.INFO: Cron Job get_amazon_authorization_updates is missed at 2021-02-19 19:55:00 [] []
[2021-02-20 04:43:22] main.INFO: Cron Job amazon_payments_process_queued_refunds is missed at 2021-02-19 19:40:00 [] []
[2021-02-20 04:43:22] main.INFO: Cron Job amazon_payments_process_queued_refunds is missed at 2021-02-19 19:45:00 [] []
[2021-02-20 04:43:22] main.INFO: Cron Job amazon_payments_process_queued_refunds is missed at 2021-02-19 19:50:00 [] []
[2021-02-20 04:43:22] main.INFO: Cron Job amazon_payments_process_queued_refunds is missed at 2021-02-19 19:55:00 [] []
[2021-02-20 04:43:22] main.INFO: Cron Job catalog_product_outdated_price_values_cleanup is run [] []
[2021-02-20 04:43:22] main.INFO: Cron Job catalog_product_outdated_price_values_cleanup is successfully finished. Statistics: {"sum":0.00061583518981934,"count":1,"realmem":0,"emalloc":8152,"realmem_start":170393600,"emalloc_start":157554200} [] []
[2021-02-20 04:43:22] main.INFO: Cron Job catalog_product_frontend_actions_flush is run [] []
[2021-02-20 04:43:22] main.INFO: Cron Job catalog_product_frontend_actions_flush is successfully finished. Statistics: {"sum":0.0045788288116455,"count":1,"realmem":0,"emalloc":1448,"realmem_start":170393600,"emalloc_start":157587592} [] []
[2021-02-20 04:43:22] main.INFO: Cron Job ddg_automation_abandonedcarts is missed at 2021-02-19 19:40:00 [] []
[2021-02-20 04:43:22] main.INFO: Cron Job sales_grid_order_async_insert is run [] []
[2021-02-20 04:43:22] main.INFO: Cron Job sales_grid_order_async_insert is successfully finished. Statistics: {"sum":0.00017809867858887,"count":1,"realmem":0,"emalloc":1072,"realmem_start":170393600,"emalloc_start":157682896} [] []
[2021-02-20 04:43:22] main.INFO: Cron Job sales_grid_order_invoice_async_insert is run [] []
[2021-02-20 04:43:22] main.INFO: Cron Job sales_grid_order_invoice_async_insert is successfully finished. Statistics: {"sum":0.00015902519226074,"count":1,"realmem":0,"emalloc":1072,"realmem_start":170393600,"emalloc_start":157686784} [] []
[2021-02-20 04:43:22] main.INFO: Cron Job sales_grid_order_shipment_async_insert is run [] []
[2021-02-20 04:43:22] main.INFO: Cron Job sales_grid_order_shipment_async_insert is successfully finished. Statistics: {"sum":0.00030112266540527,"count":1,"realmem":0,"emalloc":1072,"realmem_start":170393600,"emalloc_start":157689824} [] []
[2021-02-20 04:43:22] main.INFO: Cron Job sales_grid_order_creditmemo_async_insert is run [] []
[2021-02-20 04:43:22] main.INFO: Cron Job sales_grid_order_creditmemo_async_insert is successfully finished. Statistics: {"sum":0.00017499923706055,"count":1,"realmem":0,"emalloc":1072,"realmem_start":170393600,"emalloc_start":157692992} [] []
[2021-02-20 04:43:22] main.INFO: 1 cron jobs were cleaned [] []
[2021-02-20 04:43:22] main.INFO: Cron Job yotpo_yotpo_orders_sync is missed at 2021-02-19 19:39:00 [] []
[2021-02-20 04:43:22] main.INFO: Cron Job yotpo_yotpo_orders_sync is missed at 2021-02-19 19:40:00 [] []
[2021-02-20 04:43:23] main.INFO: Cron Job yotpo_yotpo_orders_sync is missed at 2021-02-19 19:41:00 [] []
[2021-02-20 04:43:23] main.INFO: Cron Job yotpo_yotpo_orders_sync is run [] []
[2021-02-20 04:43:23] main.INFO: Cron Job consumers_runner is successfully finished. Statistics: {"sum":0.68051719665527,"count":1,"realmem":0,"emalloc":190032,"realmem_start":170393600,"emalloc_start":157997736} [] []
[2021-02-20 04:43:23] main.INFO: Cron Job sales_send_order_emails is run [] []
[2021-02-20 04:43:23] main.INFO: Cron Job sales_send_order_emails is successfully finished. Statistics: {"sum":0.00019311904907227,"count":1,"realmem":0,"emalloc":1024,"realmem_start":170393600,"emalloc_start":160557680} [] []
[2021-02-20 04:43:23] main.INFO: Cron Job sales_send_order_invoice_emails is run [] []
[2021-02-20 04:43:23] main.INFO: Cron Job sales_send_order_invoice_emails is successfully finished. Statistics: {"sum":0.00018811225891113,"count":1,"realmem":0,"emalloc":1072,"realmem_start":170393600,"emalloc_start":160874032} [] []
[2021-02-20 04:43:23] main.INFO: Cron Job sales_send_order_shipment_emails is run [] []
[2021-02-20 04:43:23] main.INFO: Cron Job sales_send_order_shipment_emails is successfully finished. Statistics: {"sum":0.00018596649169922,"count":1,"realmem":0,"emalloc":1072,"realmem_start":170393600,"emalloc_start":161160864} [] []
[2021-02-20 04:43:23] main.INFO: Cron Job sales_send_order_creditmemo_emails is run [] []
[2021-02-20 04:43:23] main.INFO: Cron Job sales_send_order_creditmemo_emails is successfully finished. Statistics: {"sum":0.00021600723266602,"count":1,"realmem":0,"emalloc":1072,"realmem_start":170393600,"emalloc_start":161484056} [] []
[2021-02-20 04:43:23] main.INFO: Cron Job outdated_authentication_failures_cleanup is run [] []
[2021-02-20 04:43:23] main.INFO: Cron Job outdated_authentication_failures_cleanup is successfully finished. Statistics: {"sum":0.0012340545654297,"count":1,"realmem":0,"emalloc":1448,"realmem_start":170393600,"emalloc_start":161503368} [] []
[2021-02-20 04:43:23] main.INFO: Cron Job inventory_in_store_pickup_sales_send_order_notified_emails is run [] []
[2021-02-20 04:43:23] main.INFO: Cron Job inventory_in_store_pickup_sales_send_order_notified_emails is successfully finished. Statistics: {"sum":0.00020003318786621,"count":1,"realmem":0,"emalloc":66608,"realmem_start":170393600,"emalloc_start":161558768} [] []
[2021-02-20 04:43:23] main.INFO: Cron Job bulk_cleanup is run [] []
[2021-02-20 04:43:23] main.INFO: Cron Job bulk_cleanup is successfully finished. Statistics: {"sum":0.00049805641174316,"count":1,"realmem":0,"emalloc":2360,"realmem_start":170393600,"emalloc_start":161630144} [] []
[2021-02-20 04:43:24] main.INFO: Cron Job yotpo_yotpo_orders_sync is successfully finished. Statistics: {"sum":0.98772883415222,"count":1,"realmem":0,"emalloc":1445632,"realmem_start":170393600,"emalloc_start":156663632} [] []
